<?xml version="1.0" encoding="UTF-8"?>
<!-- Generated by org.testng.reporters.JUnitReportReporter -->
<testsuite hostname="DESKTOP-UBFPR3O" failures="0" tests="1" name="com.auction.verifications.LiveSale" time="188.015" errors="0" timestamp="2023-06-20T16:29:50 IST" skipped="0">
  <testcase classname="com.auction.verifications.LiveSale" name="userChatDisable" time="188.015"/>
  <system-out>
    <![CDATA[<br></br>Step :: Enter admin username :: admin
<br></br>Step :: Enter admin password :: 123123
<br></br>Step :: Click on login button.
<br></br>Normal
<br></br>Step :: Click on settings tab.
<br></br>Normal
<br></br>Step :: Click on manage system parameters.
<br></br>Normal
<br></br>Step :: Click on Live/Hybrid auction link.
<br></br>Normal
<br></br>Step :: Maximize live auction chat.
<br></br>Normal
<br></br>Step :: Select user chat enabled checkbox.
<br></br>Step :: Click on save changes button.
<br></br>Normal
<br></br>Step :: Click on Auction Overview Page.
<br></br>Step :: Click on create new auction button.
<br></br>Step :: Select auction type.
<br></br>Step :: Select timezone.
<br></br>Step :: Enter biddind console date.
<br></br>Step :: Select start bidding date.
<br></br>Step :: Select start closing date and time.
<br></br>Step :: Select end date and time.
<br></br>Step :: Select publish date and time.
<br></br>Step :: Select register date.
<br></br>Step :: Enter sale name.
<br></br>Step :: Click on save changes button.
<br></br>Application displays message as: Success Auction saved (a: 10901)
<br></br>Step :: Auction URL:  >> https://qa-dev-auto.auctionserver.net/admin/manage-auctions/edit/id/10901
<br></br>Step :: Go to settings tab.
<br></br>Step :: Select auction currency = $.
<br></br>Step :: Select auctioner sagar.
<br></br>Step :: Click on save changes button.
<br></br>Sale number >> 1007427
<br></br>Auction name  >> fduyc
<br></br>Step :: Go to lots tab.
<br></br>Step :: Click on the add lot button.
<br></br>Step :: Enter quantity.
<br></br>Step :: Enter the quantity digits.
<br></br>Step :: Enter lot name.
<br></br>Step :: Enter buy now value.
<br></br>Step :: Enter a low estimated bid.
<br></br>Step :: Enter a high estimated bid.
<br></br>Step :: Enter starting bid.
<br></br>Step :: Enter cost.
<br></br>Step :: Enter reserve price.
<br></br>Step :: Select category.
<br></br>Step :: Click on save and exit button.
<br></br>Normal
<br></br>Lot name >> mlupa
<br></br>Step :: Go to lots tab.
<br></br>Step :: Click on the add lot button.
<br></br>Step :: Enter quantity.
<br></br>Step :: Enter the quantity digits.
<br></br>Step :: Enter lot name.
<br></br>Step :: Enter buy now value.
<br></br>Step :: Enter a low estimated bid.
<br></br>Step :: Enter a high estimated bid.
<br></br>Step :: Enter starting bid.
<br></br>Step :: Enter cost.
<br></br>Step :: Enter reserve price.
<br></br>Step :: Select category.
<br></br>Step :: Click on save and exit button.
<br></br>Normal
<br></br>Lot name >> azadc
<br></br>Step :: Click on bidders tab.
<br></br>Normal
<br></br>Step :: Expand Reamining users tab.
<br></br>Normal
<br></br>Step :: Enter bidder name.
<br></br>Step :: Click on search button.
<br></br>Normal
<br></br>Step :: Select bidder.
<br></br>Normal
<br></br>Step :: Click on register checked user button.
<br></br>Normal
<br></br>Step :: Click on yes.
<br></br>Normal
<br></br>Step :: Enter bidder name.
<br></br>Step :: Click on search button.
<br></br>JS
<br></br>Step :: Select bidder.
<br></br>Normal
<br></br>Step :: Click on register checked user button.
<br></br>Normal
<br></br>Step :: Click on yes.
<br></br>Normal
<br></br>Step :: Click on approve.
<br></br>Normal
<br></br>Step :: Click on approve.
<br></br>Normal
<br></br>Step :: Go to run live auction tab.
<br></br>Normal
<br></br>Step :: Click on start auction button.
<br></br>Normal
<br></br>Step :: Type on chat box.
<br></br>Step :: Select all from dropdown menu.
<br></br>Normal
<br></br>Step :: Click on send chat messsage button.
<br></br>Normal
<br></br>Step :: Click on logout button.
<br></br>Step :: Go to front end.
<br></br>Installation URL >> https://bid:path@qa-dev-auto.auctionserver.net/
<br></br>Step :: Click on login link.
<br></br>Normal
<br></br>Step :: Enter username :: rahulqa
<br></br>Step :: Enter password :: 123123a
<br></br>Step :: Click on submit button.
<br></br>Step :: Click on auction overview page.
<br></br>Normal
<br></br>Step :: Select bidding now and upcoming.
<br></br>Normal
<br></br>Normal
<br></br>Step :: Select live only.
<br></br>Normal
<br></br>Normal
<br></br>Step :: Select sagar auctioneer.
<br></br>Normal
<br></br>Normal
<br></br>Step :: Select 100 from item per page dropdown.
<br></br>Normal
<br></br>Step :: Click on view catalog button.
<br></br>Step :: Auction fduyc is present in this page.
<br></br>Normal
<br></br>Step :: Click on Live sale tab.
<br></br>Step :: Message center displayed :: Auctioneer: hi abc
<br></br>Step :: Click on login link.
<br></br>Normal
<br></br>Step :: Enter username :: rahulbid
<br></br>Step :: Enter password :: 123123a
<br></br>Step :: Click on submit button.
<br></br>Step :: Click on auction overview page.
<br></br>Normal
<br></br>Step :: Select bidding now and upcoming.
<br></br>Normal
<br></br>Normal
<br></br>Step :: Select live only.
<br></br>Normal
<br></br>Normal
<br></br>Step :: Select sagar auctioneer.
<br></br>Normal
<br></br>Normal
<br></br>Step :: Select 100 from item per page dropdown.
<br></br>Normal
<br></br>Step :: Auction fduyc is present in this page.
<br></br>Step :: Click on catalog button.
<br></br>Step :: Click on live sale tab.
<br></br>Step :: Message center displayed :: Auctioneer: hi abc]]>
  </system-out>
</testsuite> <!-- com.auction.verifications.LiveSale -->
