<?xml version="1.0" encoding="UTF-8"?>
<!-- Generated by org.testng.reporters.JUnitReportReporter -->
<testsuite hostname="DESKTOP-UBFPR3O" failures="0" tests="1" name="com.auction.verifications.SAM_11018" time="402.309" errors="1" timestamp="2023-06-20T17:45:52 IST" skipped="0">
  <testcase classname="com.auction.verifications.SAM_11018" name="case4MultiTenantPortalAccountRegularAdminPortalDomainMainDomainTargetUserEditModeSAM11285" time="402.309">
    <error message="Expected condition failed: waiting for element to be clickable: By.xpath: //input[@id=&#039;usr&#039;] (tried for 20 second(s) with 500 milliseconds interval)
Build info: version: &#039;4.8.1&#039;, revision: &#039;8ebccac989&#039;
System info: os.name: &#039;Windows 11&#039;, os.arch: &#039;amd64&#039;, os.version: &#039;10.0&#039;, java.version: &#039;17.0.6&#039;
Driver info: org.openqa.selenium.chrome.ChromeDriver
Capabilities {acceptInsecureCerts: true, browserName: chrome, browserVersion: 114.0.5735.134, chrome: {chromedriverVersion: 114.0.5735.90 (386bc09e8f4f..., userDataDir: C:\Users\HP\AppData\Local\T...}, goog:chromeOptions: {debuggerAddress: localhost:62022}, networkConnectionEnabled: false, pageLoadStrategy: normal, platformName: WINDOWS, proxy: Proxy(), se:cdp: ws://localhost:62022/devtoo..., se:cdpVersion: 114.0.5735.134, setWindowRect: true, strictFileInteractability: false, timeouts: {implicit: 0, pageLoad: 300000, script: 30000}, unhandledPromptBehavior: dismiss and notify, webauthn:extension:credBlob: true, webauthn:extension:largeBlob: true, webauthn:extension:minPinLength: true, webauthn:extension:prf: true, webauthn:virtualAuthenticators: true}
Session ID: 2ac2ee73c7157a78a6b1b46b5108f0a5" type="org.openqa.selenium.TimeoutException">
      <![CDATA[org.openqa.selenium.TimeoutException: Expected condition failed: waiting for element to be clickable: By.xpath: //input[@id='usr'] (tried for 20 second(s) with 500 milliseconds interval)
Build info: version: '4.8.1', revision: '8ebccac989'
System info: os.name: 'Windows 11', os.arch: 'amd64', os.version: '10.0', java.version: '17.0.6'
Driver info: org.openqa.selenium.chrome.ChromeDriver
Capabilities {acceptInsecureCerts: true, browserName: chrome, browserVersion: 114.0.5735.134, chrome: {chromedriverVersion: 114.0.5735.90 (386bc09e8f4f..., userDataDir: C:\Users\HP\AppData\Local\T...}, goog:chromeOptions: {debuggerAddress: localhost:62022}, networkConnectionEnabled: false, pageLoadStrategy: normal, platformName: WINDOWS, proxy: Proxy(), se:cdp: ws://localhost:62022/devtoo..., se:cdpVersion: 114.0.5735.134, setWindowRect: true, strictFileInteractability: false, timeouts: {implicit: 0, pageLoad: 300000, script: 30000}, unhandledPromptBehavior: dismiss and notify, webauthn:extension:credBlob: true, webauthn:extension:largeBlob: true, webauthn:extension:minPinLength: true, webauthn:extension:prf: true, webauthn:virtualAuthenticators: true}
Session ID: 2ac2ee73c7157a78a6b1b46b5108f0a5
at org.openqa.selenium.support.ui.WebDriverWait.timeoutException(WebDriverWait.java:87)
at org.openqa.selenium.support.ui.FluentWait.until(FluentWait.java:231)
at com.auction.init.Common.waitUntilElementToBeClickable(Common.java:87)
at com.auction.init.Common.type(Common.java:1480)
at com.auction.pages.index.IndexPage.adminSignin(IndexPage.java:82)
at com.auction.verifications.SAM_11018.case4MultiTenantPortalAccountRegularAdminPortalDomainMainDomainTargetUserEditModeSAM11285(SAM_11018.java:678)
at java.base/jdk.internal.reflect.NativeMethodAccessorImpl.invoke0(Native Method)
at java.base/jdk.internal.reflect.NativeMethodAccessorImpl.invoke(NativeMethodAccessorImpl.java:77)
at java.base/jdk.internal.reflect.DelegatingMethodAccessorImpl.invoke(DelegatingMethodAccessorImpl.java:43)
at java.base/java.lang.reflect.Method.invoke(Method.java:568)
at org.testng.internal.invokers.MethodInvocationHelper.invokeMethod(MethodInvocationHelper.java:135)
at org.testng.internal.invokers.TestInvoker.invokeMethod(TestInvoker.java:673)
at org.testng.internal.invokers.TestInvoker.invokeTestMethod(TestInvoker.java:220)
at org.testng.internal.invokers.MethodRunner.runInSequence(MethodRunner.java:50)
at org.testng.internal.invokers.TestInvoker$MethodInvocationAgent.invoke(TestInvoker.java:945)
at org.testng.internal.invokers.TestInvoker.invokeTestMethods(TestInvoker.java:193)
at org.testng.internal.invokers.TestMethodWorker.invokeTestMethods(TestMethodWorker.java:146)
at org.testng.internal.invokers.TestMethodWorker.run(TestMethodWorker.java:128)
at java.base/java.util.ArrayList.forEach(ArrayList.java:1511)
at org.testng.TestRunner.privateRun(TestRunner.java:808)
at org.testng.TestRunner.run(TestRunner.java:603)
at org.testng.SuiteRunner.runTest(SuiteRunner.java:429)
at org.testng.SuiteRunner.runSequentially(SuiteRunner.java:423)
at org.testng.SuiteRunner.privateRun(SuiteRunner.java:383)
at org.testng.SuiteRunner.run(SuiteRunner.java:326)
at org.testng.SuiteRunnerWorker.runSuite(SuiteRunnerWorker.java:52)
at org.testng.SuiteRunnerWorker.run(SuiteRunnerWorker.java:95)
at org.testng.TestNG.runSuitesSequentially(TestNG.java:1249)
at org.testng.TestNG.runSuitesLocally(TestNG.java:1169)
at org.testng.TestNG.runSuites(TestNG.java:1092)
at org.testng.TestNG.run(TestNG.java:1060)
at org.testng.remote.AbstractRemoteTestNG.run(AbstractRemoteTestNG.java:115)
at org.testng.remote.RemoteTestNG.initAndRun(RemoteTestNG.java:251)
at org.testng.remote.RemoteTestNG.main(RemoteTestNG.java:77)
]]>
    </error>
  </testcase> <!-- case4MultiTenantPortalAccountRegularAdminPortalDomainMainDomainTargetUserEditModeSAM11285 -->
  <system-out>
    <![CDATA[<br></br>Step :: Enter admin username :: admin
<br></br>Step :: Enter admin password :: 123123
<br></br>Step :: Click on login button.
<br></br>Normal
<br></br>Step :: Click on auction overview page.
<br></br>Step :: Click on create new auction button.
<br></br>Step :: Select auction type.
<br></br>Step :: Select clerking style.
<br></br>Step :: Select timezone.
<br></br>Step :: select allow bidding console access date and time.
<br></br>Step :: Select start closing date and time.
<br></br>Step :: Select publish date and time.
<br></br>Step :: Select Start register date and time.
<br></br>Step :: Select Start bidiing date and time.
<br></br>Step :: Select end date and time.
<br></br>Step :: Enter sale name.
<br></br>Step :: Click on save changes button.
<br></br>Step :: Auction URL:  >> https://alt2.dev.auctionserver.net/admin/manage-auctions/edit/id/14892
<br></br>Step :: Go to settings tab.
<br></br>Normal
<br></br>Step :: Select auction currency :: $.
<br></br>Step :: Select auctioneer :: sagar.
<br></br>Step :: Check notify absentee bidder checkbox.
<br></br>Step :: Click on save changes button.
<br></br>Normal
<br></br>Step :: Auction URL:  >> https://alt2.dev.auctionserver.net/admin/manage-auctions/settings/id/14892
<br></br>Step :: Click on users tab.
<br></br>Normal
<br></br>Step :: Click on add user.
<br></br>Normal
<br></br>Step :: Expand user information tab.
<br></br>Normal
<br></br>Step :: Enter username.
<br></br>Step :: Enter password.
<br></br>Step :: Enter confirm password.
<br></br>Step :: Enter email.
<br></br>Step :: Maximize user privileges tab.
<br></br>Normal
<br></br>Step :: Check checkbox admin privileges.
<br></br>Step :: Check checkbox sales staff.
<br></br>Step :: Click on save changes button.
<br></br>Normal
<br></br>Username :: eixqgt
<br></br>Step :: Enter admin username :: admin
<br></br>Step :: Enter admin password :: 123123
<br></br>Step :: Click on login button.
<br></br>Normal
<br></br>Step :: Click on settings tab.
<br></br>Step :: Click on manage system parameters.
<br></br>Step :: Click on admin options.
<br></br>Normal
<br></br>Step :: Expand user information tab.
<br></br>Normal
<br></br>Step :: Set user info status to edit.
<br></br>Normal
<br></br>Step :: Click on save button.
<br></br>Normal
<br></br>Step :: Click on users tab.
<br></br>Step :: Click on add user button.
<br></br>Step :: Expand user information tab.
<br></br>Normal
<br></br>Select account.
<br></br>Step :: Enter username :: jejedh
<br></br>Step :: Enter password :: 123123a
<br></br>Step :: Enter confirm password :: 123123a
<br></br>Step :: Enter Confirm Password.123123a
<br></br>Step :: Enter Random Email Address.fnlxdq@gmail.com
<br></br>Step :: Expand user previleges tab.
<br></br>Normal
<br></br>Step :: Check checkbox Admin privileges.
<br></br>Step :: Check checkbox sales staff.
<br></br>Step :: Click on save changes button.
<br></br>Step :: Verify success message.
<br></br>Step :: Click on users tab.
<br></br>Step :: Click on add user button.
<br></br>Step :: Expand user information tab.
<br></br>Step :: Enter username :: rfbxip
<br></br>Step :: Enter password :: 123123a
<br></br>Step :: Enter confirm password :: 123123a
<br></br>Enter Confirm Password.123123a
<br></br>Enter Random Email Address.rfbxip@gmail.com
<br></br>Step :: Expand user previleges tab.
<br></br>Normal
<br></br>Step :: Check consignor checkbox.
<br></br>Normal
<br></br>Step :: Click on save changes button.
<br></br>Step :: Verify success message.
<br></br>Step :: Click on User additional info.
<br></br>Step :: Check sales staff available to assign.
<br></br>Step :: Click on save changes button.
<br></br>Step :: Click on auction overview page.
<br></br>Normal
<br></br>Step :: Select all from dropdown.
<br></br>Normal
<br></br>Step :: Select portal account from dropdown.
<br></br>Step :: Select all from dropdown.
<br></br>Normal
<br></br>Step :: Enter sale number >> 5675863
<br></br>Step :: Click on search button.
<br></br>Normal
<br></br>Step :: Click on edit button.
<br></br>Step :: Go to register bidders tab.
<br></br>Normal
<br></br>Step :: Expand remaining users tab.
<br></br>Step :: Enter bidder name.
<br></br>Step :: Click on search button.
<br></br>Normal
<br></br>Step :: Select bidder.
<br></br>Normal
<br></br>Step :: Click on register checked user button.
<br></br>Normal
<br></br>Step :: Click on approve.
<br></br>Step :: Enter admin username :: Alt2RahulAdmin]]>
  </system-out>
</testsuite> <!-- com.auction.verifications.SAM_11018 -->
