<?xml version="1.0" encoding="UTF-8"?>
<!-- Generated by org.testng.reporters.JUnitReportReporter -->
<testsuite hostname="DESKTOP-UBFPR3O" failures="0" tests="1" name="com.auction.verifications.SAM_9369" time="24.291" errors="0" timestamp="2023-06-22T13:48:44 IST" skipped="0">
  <testcase classname="com.auction.verifications.SAM_9369" name="oopsErrorOccursOnMultipleClicksOnCheckMarkIcon9452" time="24.291"/>
  <system-out>
    <![CDATA[<br></br>Step :: Enter admin username :: admin
<br></br>Step :: Enter admin password :: 123123
<br></br>Step :: Click on login button.
<br></br>Normal
<br></br>Step :: Click on settings tab.
<br></br>Normal
<br></br>Step :: Click on manage system parameters.
<br></br>Normal
<br></br>Step :: click on additional invoice line item.
<br></br>Normal
<br></br>Step :: click on add invoice line item.
<br></br>Normal
<br></br>Step :: enter label.
<br></br>Step :: enter amount.
<br></br>Step :: click on live only.
<br></br>Normal
<br></br>Step :: click multiple times on check mark icon.
<br></br>Normal
<br></br>Normal
<br></br>Normal
<br></br>Step :: Click on next button.
<br></br>Item is not saved.Bug is not fixed.]]>
  </system-out>
</testsuite> <!-- com.auction.verifications.SAM_9369 -->
