<?xml version="1.0" encoding="UTF-8"?>
<!-- Generated by org.testng.reporters.JUnitReportReporter -->
<testsuite hostname="DESKTOP-UBFPR3O" failures="0" tests="1" name="com.auction.verifications.SAM_10220" time="66.137" errors="0" timestamp="2023-06-20T11:53:05 IST" skipped="0">
  <testcase classname="com.auction.verifications.SAM_10220" name="functionalityOfVisibleCheckboxOnItemPage10568" time="66.137"/>
  <system-out>
    <![CDATA[<br></br>Installation URL >> https://qa-dev-auto.auctionserver.net/admin/login?url=https%3A%2F%2Fqa-dev-auto.auctionserver.net%2Fadmin%2Fmanage-home
<br></br>Step :: Enter admin username :: admin
<br></br>Step :: Enter admin password :: 123123
<br></br>Step :: Click on login button.
<br></br>Normal
<br></br>Step :: Click on settings tab.
<br></br>Normal
<br></br>Step :: Click on manage system parameters.
<br></br>Normal
<br></br>Step :: Click on admin options.
<br></br>Normal
<br></br>Step :: Click on inventory page tab.
<br></br>Normal
<br></br>Step :: Check quantity digits visible checkbox.
<br></br>Step :: Click on save button.
<br></br>Normal
<br></br>Step :: Click on inventory tab.
<br></br>Normal
<br></br>Step :: Click on add inventory. 
<br></br>Normal
<br></br>Step :: Verifeid functionality of Visible checkbox on Item page 
<br></br>Quantity digits field is checked in visible column
<br></br>Step :: Click on settings tab.
<br></br>Normal
<br></br>Step :: Click on manage system parameters.
<br></br>Normal
<br></br>Step :: Click on admin options.
<br></br>Normal
<br></br>Step :: Uncheck quantity digits visible checkbox.
<br></br>Step :: Click on save button.
<br></br>Normal
<br></br>Step :: Click on inventory tab.
<br></br>Normal
<br></br>Step :: Click on add inventory. 
<br></br>Normal
<br></br>Verified functionality of visible checkbox is disabled.]]>
  </system-out>
</testsuite> <!-- com.auction.verifications.SAM_10220 -->
