<?xml version="1.0" encoding="UTF-8"?>
<!-- Generated by org.testng.reporters.JUnitReportReporter -->
<testsuite hostname="DESKTOP-UBFPR3O" failures="0" tests="1" name="com.auction.verifications.Index" time="66.619" errors="0" timestamp="2023-06-22T11:17:19 IST" skipped="0">
  <testcase classname="com.auction.verifications.Index" name="regularSignupWithRequireCreditCardOnExpiredCC" time="66.619"/>
  <system-out>
    <![CDATA[<br></br>Step :: Enter admin username :: admin
<br></br>Step :: Enter admin password :: 123123
<br></br>Step :: Click on login button.
<br></br>Normal
<br></br>Step :: Click on settings tab.
<br></br>Step :: Click on manage system parameters.
<br></br>Step :: Click on user options link.
<br></br>Normal
<br></br>Step :: Maximize the registration settings.
<br></br>Normal
<br></br>Step :: Check simplified signup page checkbox.
<br></br>Step :: Uncheck include basic info checkbox.
<br></br>Step :: Uncheck make basic info mandatory checkbox.
<br></br>Step :: Check include billing address info checkbox.
<br></br>Step :: Uncheck make billing address info mandatory checkbox.
<br></br>Step :: Check include cc info checkbox.
<br></br>Step :: Check make cc info mandatory checkbox.
<br></br>Step :: Uncheck include ach info checkbox.
<br></br>Step :: Uncheck make ach info mandatory checkbox.
<br></br>Step :: Uncheck verify email upon account registration checkbox.
<br></br>Step :: Uncheck enable reseller registration checkbox.
<br></br>Step :: Check required credit card on signup checkbox.
<br></br>Step :: Enter on amount value.
<br></br>Step :: Enter expires value.
<br></br>Step :: Click on save changes button.
<br></br>Step :: Click on logout button.
<br></br>Step :: Go to front end.
<br></br>Installation URL >> https://bid:path@qa-dev-auto.auctionserver.net/
<br></br>Step :: Click on signup link.
<br></br>Step :: Enter username.
<br></br>Step :: Enter password.
<br></br>Step :: Enter confirm password.
<br></br>Step :: Enter first name.
<br></br>Step :: Enter last name.
<br></br>Step :: Enter email.
<br></br>Step :: Enter phone number.
<br></br>Step :: Select phone type.
<br></br>Normal
<br></br>Normal
<br></br>Step :: Select identification type.
<br></br>Normal
<br></br>Step :: Entering captcha.
<br></br>Step :: Selecting terms checkbox(confirmation).
<br></br>Step :: Click on signup button.
<br></br>Normal
<br></br>Step :: Expiration CC has a BUG.
<br></br>Step ::  Signup not successful.Expired CC error message is displayed in red next to the CC expiration date field.]]>
  </system-out>
</testsuite> <!-- com.auction.verifications.Index -->
