<?xml version="1.0" encoding="UTF-8"?>
<!-- Generated by org.testng.reporters.JUnitReportReporter -->
<testsuite hostname="DESKTOP-UBFPR3O" failures="0" tests="1" name="com.auction.verifications.TimedSale" time="82.947" errors="0" timestamp="2023-06-19T19:03:34 IST" skipped="0">
  <testcase classname="com.auction.verifications.TimedSale" name="fillOutAllTheFieldsWithErroneousValues" time="82.947"/>
  <system-out>
    <![CDATA[<br></br>Installation URL >> https://qa-dev-auto.auctionserver.net/admin/login?url=https%3A%2F%2Fqa-dev-auto.auctionserver.net%2Fadmin%2Fmanage-home
<br></br>Step :: Enter admin username :: admin
<br></br>Step :: Enter admin password :: 123123
<br></br>Step :: Click on login button.
<br></br>Step :: Click on auction overview page.
<br></br>Step :: Click on create new auction button.
<br></br>Step :: Select auction type.
<br></br> Auction type :: Timed
<br></br>Step :: Select timezone.
<br></br>Step :: Select start closing date and time.
<br></br>Step :: Select publish date and time.
<br></br>Step :: Select start bidding date and time.
<br></br>Step :: Select start register date and time.
<br></br>Step :: Enter sale name.
<br></br>Step :: Click on save changes button.
<br></br>Auction name :: nhjpoe
<br></br>Sale # :: 1007348
<br></br>Step :: Auction URL:  >> https://qa-dev-auto.auctionserver.net/admin/manage-auctions/edit/id/10822
<br></br>Step :: Go to settings tab.
<br></br>Step :: Select auction currency = $.
<br></br>Step :: Select auctioner sagar.
<br></br>Step :: Click on save changes button.
<br></br>Step :: Click on lots tab.
<br></br>Step :: Click on add lot button.
<br></br>Step :: Enter quantity.
<br></br>Step :: Enter lot name.
<br></br>Step :: Enter starting bid.
<br></br>Step :: Select category.
<br></br>Step :: Check the 'No tax on sales outside of state' checkbox
<br></br>Step :: Check returned checkbox.
<br></br>Step :: Check the featured lot checkbox.
<br></br>Step :: Click on save button.
<br></br>Step :: Enter valid values in lot field: Error Please see below for missing/false entries
<br></br>Step :: Enter a lot number.
<br></br>Step :: Enter quantity.
<br></br>Step :: Enter starting bid.
<br></br>Step :: Enter a cost.
<br></br>Step :: Enter replacement Price.
<br></br>Step :: Enter a reserve price.
<br></br>Step :: Click on save button.
<br></br>Step :: Confirm date.
<br></br>Verified lot saved successfully : Success Item saved]]>
  </system-out>
</testsuite> <!-- com.auction.verifications.TimedSale -->
