<?xml version="1.0" encoding="UTF-8"?>
<!-- Generated by org.testng.reporters.JUnitReportReporter -->
<testsuite hostname="DESKTOP-UBFPR3O" failures="1" tests="1" name="com.auction.verifications.SAM_7926" time="107.840" errors="0" timestamp="2023-06-23T15:52:44 IST" skipped="0">
  <testcase classname="com.auction.verifications.SAM_7926" name="addLotQuantityInformationLotNameLotDescriptionOnBidConfirmationPage8455" time="107.840">
    <failure message="expected [true] but found [false]" type="java.lang.AssertionError">
      <![CDATA[java.lang.AssertionError: expected [true] but found [false]
at org.testng.Assert.fail(Assert.java:110)
at org.testng.Assert.failNotEquals(Assert.java:1413)
at org.testng.Assert.assertTrue(Assert.java:56)
at org.testng.Assert.assertTrue(Assert.java:66)
at com.auction.init.Common.assertElementPresent(Common.java:714)
at com.auction.pages.DashboardPage.Place_Bid_160_For_Added_Lot_Livesale(DashboardPage.java:16546)
at com.auction.verifications.SAM_7926.addLotQuantityInformationLotNameLotDescriptionOnBidConfirmationPage8455(SAM_7926.java:65)
at java.base/jdk.internal.reflect.NativeMethodAccessorImpl.invoke0(Native Method)
at java.base/jdk.internal.reflect.NativeMethodAccessorImpl.invoke(NativeMethodAccessorImpl.java:77)
at java.base/jdk.internal.reflect.DelegatingMethodAccessorImpl.invoke(DelegatingMethodAccessorImpl.java:43)
at java.base/java.lang.reflect.Method.invoke(Method.java:568)
at org.testng.internal.invokers.MethodInvocationHelper.invokeMethod(MethodInvocationHelper.java:135)
at org.testng.internal.invokers.TestInvoker.invokeMethod(TestInvoker.java:673)
at org.testng.internal.invokers.TestInvoker.invokeTestMethod(TestInvoker.java:220)
at org.testng.internal.invokers.MethodRunner.runInSequence(MethodRunner.java:50)
at org.testng.internal.invokers.TestInvoker$MethodInvocationAgent.invoke(TestInvoker.java:945)
at org.testng.internal.invokers.TestInvoker.invokeTestMethods(TestInvoker.java:193)
at org.testng.internal.invokers.TestMethodWorker.invokeTestMethods(TestMethodWorker.java:146)
at org.testng.internal.invokers.TestMethodWorker.run(TestMethodWorker.java:128)
at java.base/java.util.ArrayList.forEach(ArrayList.java:1511)
at org.testng.TestRunner.privateRun(TestRunner.java:808)
at org.testng.TestRunner.run(TestRunner.java:603)
at org.testng.SuiteRunner.runTest(SuiteRunner.java:429)
at org.testng.SuiteRunner.runSequentially(SuiteRunner.java:423)
at org.testng.SuiteRunner.privateRun(SuiteRunner.java:383)
at org.testng.SuiteRunner.run(SuiteRunner.java:326)
at org.testng.SuiteRunnerWorker.runSuite(SuiteRunnerWorker.java:52)
at org.testng.SuiteRunnerWorker.run(SuiteRunnerWorker.java:95)
at org.testng.TestNG.runSuitesSequentially(TestNG.java:1249)
at org.testng.TestNG.runSuitesLocally(TestNG.java:1169)
at org.testng.TestNG.runSuites(TestNG.java:1092)
at org.testng.TestNG.run(TestNG.java:1060)
at org.testng.remote.AbstractRemoteTestNG.run(AbstractRemoteTestNG.java:115)
at org.testng.remote.RemoteTestNG.initAndRun(RemoteTestNG.java:251)
at org.testng.remote.RemoteTestNG.main(RemoteTestNG.java:77)
]]>
    </failure>
  </testcase> <!-- addLotQuantityInformationLotNameLotDescriptionOnBidConfirmationPage8455 -->
  <system-out>
    <![CDATA[<br></br>TC: SAM-8455
<br></br>Step :: Enter admin username :: admin
<br></br>Step :: Enter admin password :: 123123
<br></br>Step :: Click on login button.
<br></br>Normal
<br></br>Step :: Click on Auction Overview Page.
<br></br>Step :: Click on create new auction button.
<br></br>Step :: Select auction type.
<br></br>Step :: Select timezone.
<br></br>Step :: Enter biddind console date.
<br></br>Step :: Select start bidding date.
<br></br>Step :: Select start closing date and time.
<br></br>Step :: Select end date and time.
<br></br>Step :: Select publish date and time.
<br></br>Step :: Select register date.
<br></br>Step :: Enter sale name.
<br></br>Step :: Click on save changes button.
<br></br>Application displays message as: Success Auction saved (a: 11283)
<br></br>Step :: Auction URL:  >> https://qa-dev-auto.auctionserver.net/admin/manage-auctions/edit/id/11283
<br></br>Step :: Go to settings tab.
<br></br>Step :: Select auction currency = $.
<br></br>Step :: Select auctioner sagar.
<br></br>Step :: Click on save changes button.
<br></br>Sale number >> 1007806
<br></br>Auction name  >> dfsqg
<br></br>Step :: Go to register bidders tab.
<br></br>Normal
<br></br>Step :: Expand remaining users tab.
<br></br>Step :: Enter bidder name.
<br></br>Step :: Click on search button.
<br></br>Normal
<br></br>Step :: Select bidder.
<br></br>Normal
<br></br>Step :: Click on register checked user button.
<br></br>Normal
<br></br>Step :: Click on yes.
<br></br>Normal
<br></br>Step :: Click on approve.
<br></br>Normal
<br></br>Step :: Go to lots tab.
<br></br>Step :: Click on add lot button.
<br></br>Normal
<br></br>Step :: Enter quantity.
<br></br>Step :: Select quantity x money.
<br></br>Step :: Enter lot name.
<br></br>Step :: Enter low esti. bid.
<br></br>Step :: Enter high esti. bid.
<br></br>Step :: Enter starting bid.
<br></br>Step :: Enter cost.
<br></br>Step :: Enter reserve price.
<br></br>Step :: Add consignor commission & fee.
<br></br>Normal
<br></br>Normal
<br></br>Normal
<br></br>Step :: Select category.
<br></br>Step :: Click on save and exit button.
<br></br>Normal
<br></br>Step :: Go to auction bp tab.
<br></br>Normal
<br></br>Step :: Select individual from buyer's premium rule dropdown.
<br></br>Step :: Click on add row button.
<br></br>Normal
<br></br>Step :: Enter fixed value.'
<br></br>Step :: Enter bp% value.
<br></br>Step :: Click on save changes button.
<br></br>Normal
<br></br>Step :: Click on settings tab.
<br></br>Normal
<br></br>Step :: Click on manage system parameters.
<br></br>Normal
<br></br>Step :: Expand taxes tab.
<br></br>Normal
<br></br>Step :: Enter sales tax.
<br></br>Step :: Select hp to apply sales tax.
<br></br>Normal
<br></br>Step :: Click on save changes button.
<br></br>Normal
<br></br>Step :: Click on logout button.
<br></br>Step :: Go to front end.
<br></br>Installation URL >> https://bid:path@qa-dev-auto.auctionserver.net/
<br></br>Step :: Click on login link.
<br></br>Normal
<br></br>Step :: Verify username text.
<br></br> Step :: Verify password text.
<br></br>Step :: Verify not a member text.
<br></br>Step :: Verify auctions text.
<br></br>Step :: Verify signup text.
<br></br>Step :: Verify login text.
<br></br>Step :: Verify forgot password text.
<br></br>Step :: Verify register now text.
<br></br>Step :: Verify sign in text.
<br></br>Step :: Enter username :: rahulqa
<br></br>Step :: Enter password :: 123123a
<br></br>Step :: Click on submit button.
<br></br>Step :: Click on auction overview page.
<br></br>Normal
<br></br>Step :: Select bidding now and upcoming.
<br></br>Normal
<br></br>Normal
<br></br>Step :: Select live only.
<br></br>Normal
<br></br>Normal
<br></br>Step :: Select sagar auctioneer.
<br></br>Normal
<br></br>Normal
<br></br>Step :: Select 100 from item per page dropdown.
<br></br>Normal
<br></br>Step :: Click on view catalog button.
<br></br>Step :: Auction dfsqg is not present in this page.
<br></br>Step :: Click on next page.
<br></br>Normal
<br></br>Step :: Auction dfsqg is present in this page.
<br></br>Normal
<br></br>Step :: Enter bid value.
<br></br>Step :: Click on place bid button.
<br></br>Normal
<br></br>Step :: Accept alert.]]>
  </system-out>
</testsuite> <!-- com.auction.verifications.SAM_7926 -->
