<?xml version="1.0" encoding="UTF-8"?>
<!-- Generated by org.testng.reporters.JUnitReportReporter -->
<testsuite hostname="DESKTOP-NMCT7KP" failures="0" tests="1" name="com.expedia.pages.SearchPage" time="106.622" errors="0" timestamp="2024-07-06T10:11:43 IST" skipped="0">
  <testcase classname="com.expedia.pages.SearchPage" name="searchForPackages" time="106.622"/>
  <system-out>
    <![CDATA[<br>Step 1 : Click on Packages tab.
<br>Step 2 : Click on Leaving From field.
<br>Step 3 : Enter from location.
<br>Message : Leaving From : Paris
<br>Message : Total Leaving Location Name :4
<br>Message : Pick Up Name :Paris (CDG - Roissy-Charles de Gaulle)
France
<br>Message : Pick Up Name :Paris (PAR - All Airports)
France
<br>Message : ===========================================
<br>Message : You Selected Leaving Name : Paris (PAR - All Airports)
France
<br>Step 4 : Click on Going To field.
<br>Step 5 : Enter to location.
<br>Message : Leaving From : Brazil
<br>Message : Total Going Location Name :9
<br>Message : Going To Name :Rio de Janeiro (RIO - All Airports)
Brazil
<br>Message : Going To Name :Rio de Janeiro
Rio de Janeiro State, Brazil
<br>Message : Going To Name :Rio de Janeiro (GIG - Galeão-Antonio Carlos Jobim Intl.)
Brazil
<br>Message : Going To Name :Sao Paulo
São Paulo State, Brazil
<br>Message : Going To Name :Fortaleza
Ceará, Brazil
<br>Message : ===========================================
<br>Message : You Selected Going Name : Fortaleza
Ceará, Brazil
<br>Step 6 : Click on DatePicker field.
<br>Message : February 2025/28
<br>Message : March 2025/10
<br>Step 7 : Click on DatePicker Done field.
<br>Step 8 : Click on Travellers field.
<br>Step 9 : Click on Adults Increase Button.
<br>Step 10 : Click on Children Increase Button.
<br>Step 11 : Select Children Age.
<br>Message : You selected age of child is : 5
<br>Step 12 : Where will the infants sit..??
<br>Step 13 : Click On Done.
<br>Step 14 : Click on Search Button.
<font color=238E23><strong><i> PASS : searchForPackages</i></strong></font>]]>
  </system-out>
</testsuite> <!-- com.expedia.pages.SearchPage -->
